Motion
-2186 563 -754
-2134 -82 -401
-2258 -390 1608
-2248 -405 1057
-2089 -273 -540
-2056 -137 309
-1913 336 1470
-1659 724 69
-1460 848 -538
-1183 762 415
-1793 584 837
-2765 -920 207
-2005 -43 614
-2293 -439 492
-2026 -151 470
-1951 145 71
-1951 145 71
-1893 240 442
-1823 75 154
-1808 96 -788
-1821 101 20
-1907 194 427
-1933 144 219
-1968 231 683
-1949 168 853
-1929 203 815
-1938 188 1137
-1918 184 645
-1921 142 663
-1926 213 979
-1888 168 420
-1824 63 659
-1881 103 254
-1950 262 509
-1908 131 730
-1863 127 262
-1870 110 385
-1912 209 136
-1890 179 209
-1876 128 170
-1920 163 418
-1909 143 430
-1905 181 595
-1905 179 589
-1926 197 688
-1914 169 591
-1914 156 654
-1919 193 518
-1919 173 613
-1896 162 398
-1897 120 455
-1920 193 505
-1898 158 340
-1891 168 406
-1909 186 398
-1869 132 314
-1878 128 392
-1897 137 412
-1911 168 490
-1928 168 557
-1916 148 598
-1916 168 512
-1897 140 430
-1901 165 429
-1904 153 452
-1910 168 406
-1902 142 461
-1890 161 481
-1901 174 477
-1900 157 384
-1910 153 412
-1918 160 377
-1891 156 476
-1898 161 532
-1899 167 535
-1921 174 523
-1897 162 369
-1924 184 494
-1909 165 429
-1903 175 393
-1910 162 464
-1906 176 531
-1903 145 482
-1914 181 547
-1919 156 409
-1903 143 461
-1919 183 402
-1903 176 551
-1897 169 403
-1914 160 567
-1922 184 458
-1890 121 506
-1912 198 413
-1905 167 470
-1896 162 388
-1908 154 526
-1903 157 424
-1886 138 507
-1912 172 442
-1905 167 538
-1902 160 387
-1891 159 460
-1907 172 395
-1887 142 477
-1910 153 489
-1901 149 531
-1905 168 445
-1917 161 583
-1916 183 445
-1894 137 451
-1912 180 389
-1902 144 506
-1904 183 483
-1914 176 561
-1925 180 502
-1899 153 391
-1912 182 418
-1897 163 443
-1910 167 526
-1908 157 509
-1917 176 533
-1889 139 515
-1912 178 459
-1904 159 431
-1909 170 417
-1899 153 473
-1914 181 546
-1889 144 474
-1913 165 490
-1918 162 434
-1913 158 463
-1898 159 449
-1911 164 502
-1895 161 437
-1904 154 487
-1901 147 450
-1904 171 483
-1906 162 460
-1903 178 508
-1902 155 449
-1900 152 448
-1905 159 422
-1902 179 460
-1917 166 497
-1907 162 495
-1898 163 481
-1911 159 501
-1899 174 448
-1902 154 421
-1905 178 446
-1908 150 467
-1902 177 514
-1908 161 480
-1908 172 493
-1902 149 405
-1909 163 479
-1911 161 436
-1910 159 529
-1899 162 446
-1909 164 510
-1901 163 473
-1917 169 505
-1908 163 432
-1904 164 477
-1906 157 437
-1903 167 499
-1899 151 442
-1907 176 513
-1907 160 465
-1908 162 491
-1904 153 447
-1903 168 463
-1902 163 441
-1905 164 482
-1908 163 464
-1905 154 489
-1914 167 467
-1909 169 474
-1903 165 461
-1901 160 452
-1908 162 467
-1903 163 461
-1914 175 496
-1907 167 453
-1912 169 496
-1900 161 433
-1903 168 500
-1907 163 431
-1903 167 465
-1899 156 436
-1900 169 495
-1896 161 471
-1906 169 518
-1912 156 442
-1916 161 491
-1907 157 426
-1907 163 483
-1899 160 435
-1911 161 515
-1909 166 462
Motion
1917 2142 -2133
2175 1644 -2363
2672 1874 -1445
2492 2599 -3351
3356 1863 -3346
3178 1990 -3873
2869 2232 -2695
2130 2400 -878
1015 2746 -247
272 2635 742
-158 2316 1149
-456 2050 362
-385 1673 273
-384 1552 414
-966 1815 1007
-1392 2062 1668
-1676 2098 1671
-1654 2015 1667
-1414 1876 1202
-1043 1802 532
-641 1775 282
-208 1850 -139
-77 1910 -27
-77 1910 -27
-15 1970 -236
-15 1970 -236
316 2102 -445
478 2088 -709
646 2034 -769
603 1958 -820
472 1958 -593
236 1900 -369
195 1913 -358
182 1871 -421
60 1987 -188
60 1987 -188
-23 2014 20
-23 2014 20
-119 2114 147
-166 2078 86
-126 2082 85
-126 2082 85
-68 2014 -27
-68 2014 -27
9 1977 -97
13 1985 -71
13 1985 -71
32 1959 -85
5 1977 -116
5 1977 -116
25 2023 -142
77 2023 -280
77 2023 -280
138 2094 -293
240 2089 -297
247 2105 -304
159 2075 -138
58 2112 -92
4 2093 -52
4 2093 -52
-50 2111 -155
27 2097 -173
27 2097 -173
39 2101 -134
39 2101 -134
21 2100 70
21 2100 70
-72 2126 85
-127 2097 145
-146 2147 108
-27 2123 -142
-27 2123 -142
-27 2123 -142
63 2112 -303
63 2112 -303
142 2043 -319
140 2075 -204
21 2088 -52
21 2088 -52
-47 2130 -21
-47 2130 -21
-56 2112 -79
-56 2112 -79
-43 2144 -135
29 2075 -244
87 2041 -273
87 2041 -273
103 2030 -156
88 2024 -107
13 2065 -3
-28 2019 25
-28 2019 25
-55 2052 -105
-55 2052 -105
3 2059 -191
3 2059 -191
99 2022 -307
99 2022 -307
155 2002 -398
225 1976 -305
143 1979 -136
79 1992 -61
35 2025 -173
35 2025 -173
54 2037 -179
54 2037 -179
65 2042 -355
65 2042 -355
98 1971 -392
98 1971 -392
105 1932 -273
64 1918 -227
4 1927 -30
4 1927 -30
-57 1995 46
-87 1994 32
-68 2075 39
-68 2075 39
-17 2071 -93
-17 2071 -93
67 2059 -203
67 2059 -203
137 2028 -227
178 1972 -265
158 2042 -76
158 2042 -76
131 2102 -63
131 2102 -63
105 2149 -32
105 2149 -32
127 2128 -99
127 2128 -99
116 2127 -196
156 2072 -185
154 2025 -240
104 2022 -122
41 2046 -106
15 2052 -11
15 2052 -11
-18 2066 -94
5 2038 -134
5 2038 -134
39 1982 -156
39 1982 -156
48 1954 -233
48 1954 -233
78 1945 -151
78 1945 -151
61 1982 -136
61 1982 -136
76 2008 -135
76 2008 -135
80 2066 -82
75 2108 -185
75 2108 -185
95 2091 -182
95 2091 -182
90 2089 -167
90 2089 -167
94 2020 -197
94 2020 -197
84 2022 -128
84 2022 -128
68 2009 -117
68 2009 -117
58 1992 -115
58 1992 -115
44 2050 -105
44 2050 -105
47 2032 -171
47 2032 -171
46 2069 -197
46 2069 -197
59 2059 -172
59 2059 -172
73 2040 -207
73 2040 -207
63 2045 -154
63 2045 -154
61 2011 -129
61 2011 -129
21 2034 -127
21 2034 -127
1 2055 -56
-12 2076 -80
-12 2076 -80
-28 2072 -87
-28 2072 -87
22 2070 -99
22 2070 -99
32 2069 -171
81 2071 -95
81 2071 -95
86 2059 -116
86 2059 -116
71 2052 -131
71 2052 -131
63 2046 -122
63 2046 -122
49 2047 -213
Motion
4279 7863 18068
4279 7863 18068
5376 9571 14650
5845 10014 10735
5268 9374 8767
3592 8608 9154
-767 7354 12080
-2237 6089 12649
-2757 4637 12866
-2757 4637 12866
-2565 2447 10887
-1721 667 7468
-350 -676 5855
1588 -1750 2195
1893 -1549 1508
2066 -981 3582
2147 -429 3708
2290 88 2921
2343 585 3612
2247 566 3869
2100 446 3380
2439 461 2498
2724 458 1358
2941 288 986
2922 -59 854
2922 -59 854
2668 -389 561
2358 -520 455
1900 -476 494
1186 -856 366
809 -653 183
659 -61 188
659 -61 188
615 535 125
978 959 -318
978 959 -318
859 1614 -203
804 1700 -113
900 1822 -887
1118 1817 -884
1176 1665 -1367
1290 1602 -1592
1326 1517 -1077
1290 1237 -1138
1066 832 -1533
739 693 -1595
389 -312 -2568
283 -856 -3098
113 -1203 -3232
-210 -1421 -3298
-563 -1387 -3206
-882 -1061 -2870
-1052 -634 -2767
-1100 -13 -2762
-1114 622 -2737
-1053 993 -2717
-873 1553 -2545
-732 1847 -2743
-544 1848 -2814
-406 1719 -2575
-277 1545 -2684
-6 1115 -2699
78 1017 -2835
92 1003 -2912
-156 1257 -2814
-317 1496 -2744
-491 1737 -2796
-639 1902 -2654
-791 2047 -2374
-931 2059 -2284
-976 2062 -2128
-1015 1996 -2066
-1017 1885 -1922
-983 1842 -1830
-880 1684 -2032
-717 1562 -2165
-623 1513 -2184
-561 1516 -2212
-597 1630 -2031
-644 1748 -1803
-671 1837 -1790
-690 1793 -1622
-672 1597 -1613
-634 1460 -1537
-573 1386 -1529
-527 1341 -1367
-472 1375 -1209
-428 1429 -1237
-350 1483 -1318
-316 1605 -1413
-334 1665 -1372
-351 1733 -1362
-388 1726 -1437
-385 1742 -1252
-419 1784 -1080
-404 1884 -960
-360 1891 -1009
-281 1874 -1124
-189 1950 -1290
-132 1724 -1429
-136 1714 -1322
-164 1648 -1199
-185 1622 -1099
-216 1635 -1028
-214 1667 -1077
-204 1719 -1082
-213 1744 -1110
-228 1729 -1253
-225 1676 -1199
-242 1659 -1169
-301 1677 -1053
-353 1720 -1010
-399 1756 -998
-406 1769 -1071
-422 1749 -1250
-410 1671 -1303
-391 1610 -1348
-388 1549 -1325
-389 1553 -1228
-463 1636 -1133
-496 1741 -1108
-523 1792 -1165
-528 1845 -1200
-538 1847 -1242
-532 1833 -1205
-535 1832 -1126
-532 1804 -1140
-531 1827 -1138
-534 1841 -1144
-532 1849 -1208
-548 1847 -1267
-537 1817 -1298
-528 1781 -1330
-487 1741 -1383
-490 1778 -1343
-509 1784 -1312
-555 1796 -1340
-579 1776 -1323
-587 1753 -1373
-592 1705 -1419
-589 1665 -1415
-595 1616 -1464
-608 1566 -1460
-617 1521 -1481
-631 1443 -1568
-618 1385 -1640
-625 1314 -1729
-630 1298 -2017
-647 1253 -2164
-658 1213 -2293
-657 1123 -2517
-634 977 -2834
-623 809 -3068
-626 558 -3277
-618 313 -3400
-546 -224 -3542
-488 -720 -3859
-357 -1216 -4146
-235 -1779 -4559
115 -2307 -4949
566 -2906 -6242
1208 -3331 -7265
1768 -4002 -8432
2479 -4684 -10401
2790 -5390 -11807
2790 -5390 -11807
2886 -5946 -11242
2824 -6777 -10208
2577 -7254 -9283
2577 -7254 -9283
2230 -6505 -7487
1575 -6005 -5781
1183 -5117 -3759
795 -3640 -2344
701 -2435 -1809
562 -2747 -489
541 -2610 1898
1269 -3657 4203
1512 -3906 6063
1400 -3460 10749
637 -1635 15845
673 1775 21238
2511 5900 25469
4879 8818 23934
6716 10800 18783
7781 12111 16023
7729 12265 13571
7729 12265 13571
6666 11944 9885
5104 10808 8175
3221 9167 8875
1463 7551 8800
-1230 3461 8194
-2119 1217 9534
-2419 -772 9144
-1822 -1779 7692
-831 -2151 6232
283 -1940 5165
1178 -1955 4075
1895 -1466 3313
Motion
4944 3260 20364
5904 7165 20556
6901 10042 17043
7352 11345 12179
6970 11926 9668
5918 11709 9493
4502 10697 10399
3229 9298 11000
2298 6867 10340
1766 4690 9429
1414 2066 7862
1293 -245 6425
1239 -1722 5384
1327 -2100 4060
1698 -1919 2569
2036 -1301 1646
2187 -433 1838
2003 336 2428
1278 1036 3360
1079 1079 3537
1087 949 2415
1274 904 1475
1321 672 -48
1321 672 -48
1158 550 -207
850 385 -3
488 58 -6
185 -232 -249
185 -232 -249
30 -593 -631
30 -593 -631
75 -853 -909
75 -853 -909
225 -1275 -1530
640 -1378 -2296
961 -1385 -2738
904 -1327 -2883
695 -1110 -2340
449 -610 -1915
24 887 -2029
-140 662 -2862
104 901 -1975
577 914 -3692
1034 874 -3574
1374 886 -3545
1499 1007 -4258
1448 1156 -4292
1166 1174 -3959
810 963 -3797
232 235 -3167
95 -156 -3217
95 -156 -3217
12 -554 -3295
-27 -726 -3285
-165 -820 -3714
-250 -783 -3774
-373 -677 -3940
-489 -413 -3997
-647 -129 -3831
-784 204 -3536
-943 487 -3297
-1085 667 -3123
-1432 973 -2604
-1595 1029 -2472
-1670 1121 -2280
-1670 1121 -2280
-1730 1198 -2321
-1765 1322 -2240
-1787 1434 -2145
-1818 1566 -2141
-1813 1803 -2212
-1819 1923 -2418
-1843 1969 -2516
-1815 1957 -2522
-1731 1870 -2912
-1644 1733 -3321
-1644 1733 -3321
-1525 1587 -3546
-1408 1323 -3903
-1284 1034 -4130
-1086 292 -4602
-947 95 -4531
-675 -1163 -5145
-50 -1692 -5322
483 -2027 -5813
1025 -3381 -6713
1849 -4493 -7146
2856 -5080 -7437
2856 -5080 -7437
3783 -5188 -8020
4523 -5145 -8651
5036 -4987 -8795
5101 -4620 -8217
4583 -4126 -7471
3515 -3995 -6252
2259 -4272 -4657
1248 -4762 -3449
451 -5913 -1574
-76 -6914 986
-578 -6969 3526
-1494 -6705 6685
-2319 -6229 13339
-2983 -3838 20296
-2566 297 24794
545 4338 26685
2937 9617 25754
5084 13464 22695
6566 13269 15183
7264 10914 9180
6963 8203 7944
5362 6562 8021
3299 6464 7842
1257 6258 9098
-571 5592 10647
-1735 4247 9510
-1741 2959 7708
-918 1815 6351
458 -124 4008
1127 -375 2519
1574 -570 1421
2046 -582 1593
2483 -528 1847
2846 8 811
2846 8 811
2744 73 957
2530 158 824
2530 158 824
2237 5 43
1948 145 -863
1675 529 -1027
1533 857 -444
1101 1521 -151
1047 1804 50
1047 1804 50
1002 1850 -129
1025 1849 -545
1097 1663 -919
1320 1329 -1333
2167 753 -2107
2459 644 -2492
2392 406 -2665
2226 403 -2197
1946 95 -2490
1617 561 -2923
1243 970 -3197
1352 793 -2809
1118 934 -2375
801 935 -2714
397 812 -2649
199 716 -2955
-220 416 -3741
-314 315 -3946
-391 -42 -4357
-389 -274 -4034
-472 -518 -3889
-492 -536 -3973
-468 53 -3654
-347 391 -3781
-270 695 -3664
-180 830 -3752
-144 1218 -3544
-175 1328 -3629
-255 1204 -3742
-279 814 -3938
-300 358 -3996
-279 -107 -3842
-226 -436 -3878
-122 -803 -3847
391 -1230 -4481
990 -1078 -4906
1635 -364 -5774
2242 5 -6616
2242 5 -6616
2525 -96 -7218
2905 -427 -7961
3274 -1377 -8550
3500 -2285 -8753
3579 -3009 -8512
3474 -3333 -7760
3135 -3262 -7005
2584 -3220 -6273
1835 -2936 -4859
1835 -2936 -4859
983 -2842 -3277
-49 -1946 -2208
-1889 -2423 335
-2511 -3238 3693
-3615 -4228 8211
-3615 -4228 8211
-3978 -4053 13961
-3915 -2672 17729
-2868 -1289 17614
-83 -250 18437
3796 2534 18185
6339 5039 15414
7991 6815 10971
8232 7946 7542
7410 8276 6740
6133 7567 6463
4280 6822 8723
Motion
4794 8479 24430
6623 12407 20339
8169 14811 15617
8376 15229 11623
7472 13809 9477
6183 11357 9523
4852 8286 9962
3643 4644 9126
2425 1661 7571
1355 -767 7226
763 -2943 6443
682 -4293 4291
1466 -4231 544
1665 -3326 -337
1653 -2206 24
1299 -1112 537
982 -278 1360
921 532 1505
921 532 1505
1266 653 1407
1527 779 996
1906 510 184
1906 510 184
2117 601 -546
2213 575 -1024
2236 641 -922
2084 476 -996
1960 -69 -758
1983 -338 -887
1950 -417 -1277
1591 232 -1680
1267 944 -1584
1018 1305 -1731
925 1446 -1815
818 1277 -1490
785 1114 -1641
813 608 -2092
925 651 -2456
968 665 -3001
888 1101 -2653
773 1263 -2178
613 1369 -2228
504 1379 -1892
509 1449 -1806
612 1367 -2022
604 1335 -2141
569 1313 -2383
475 1367 -2367
311 1365 -2346
-99 1596 -2293
-250 1595 -2355
-400 1719 -2308
-515 1695 -2313
-632 1758 -2333
-819 1831 -2275
-950 1847 -2251
-1090 1878 -2156
-1250 1717 -2125
-1370 1576 -2238
-1489 1355 -2202
-1543 1140 -2131
-1634 1075 -2279
-1703 1070 -2342
-1765 1192 -2541
-1816 1307 -2542
-1816 1307 -2542
-1762 1369 -2559
-1716 1330 -2741
-1530 1143 -2826
-1300 1083 -2960
-1028 887 -3089
-660 740 -3065
-371 568 -3173
270 439 -3633
552 253 -4089
870 -99 -4400
1119 -637 -4912
1196 -727 -5244
1124 -1319 -5752
1090 -1758 -6271
1069 -2301 -6900
1070 -2861 -7888
1070 -2861 -7888
1104 -3361 -8505
1055 -3709 -8618
659 -3994 -8392
10 -4457 -7402
-1287 -5016 -4301
-1287 -5016 -4301
-1534 -4775 -2461
-1548 -4461 -1349
-1297 -5405 -164
-1050 -6159 1932
-1050 -6159 1932
-1300 -6485 4446
-1420 -6366 7498
-1408 -6290 11205
-61 -4124 17657
1634 -1625 21019
4208 1440 20879
6741 4565 20137
8418 7297 17431
9449 9437 14555
9966 11043 12186
9470 11959 9891
8043 12407 9344
6247 12075 10808
4083 10545 10625
2135 7604 10573
486 3553 8780
-483 89 7254
-483 89 7254
-491 -2410 6096
75 -3703 3919
750 -4102 2472
1521 -3091 -478
1928 -2298 -463
2019 -1717 514
1836 -1205 560
1648 -324 188
1483 -438 559
1800 700 -64
1800 700 -64
1905 922 -302
1848 1145 -23
1507 1478 212
1362 1509 150
1373 1274 250
1695 1073 -1095
2018 810 -1567
2239 362 -1784
2371 61 -2082
2367 70 -2244
2028 612 -2341
1665 891 -2248
1307 1168 -2085
954 1452 -1985
685 1473 -1970
438 1825 -2362
312 1696 -2466
262 1432 -2451
334 1165 -2437
367 788 -2781
395 -240 -2838
435 -520 -2903
467 -429 -3185
397 -83 -3459
221 835 -3468
134 1143 -3442
89 1405 -3339
37 1661 -3166
-3 1657 -3156
-14 1536 -3202
-29 1490 -3153
-21 1459 -3155
-36 1393 -3078
-26 1231 -3073
26 1035 -3327
79 1050 -3555
132 1123 -3685
224 1112 -3881
393 1083 -4498
476 1221 -4761
340 862 -4964
354 826 -5064
304 163 -5590
419 -419 -5798
531 -1181 -5749
589 -1877 -5932
982 -2957 -5773
1208 -3118 -5963
1474 -3188 -6026
1474 -3188 -6026
1621 -3490 -5964
1673 -3892 -5588
1730 -4349 -4699
1888 -4654 -3846
1945 -5014 -3292
2034 -5864 -2496
1785 -7286 -573
448 -7533 3444
-1947 -7141 9860
-3255 -3756 23349
-3621 2090 30404
-1835 7569 30547
-1835 7569 30547
1405 11316 26747
4129 14182 19141
5400 15563 14452
5226 15257 11419
4843 12954 8427
4740 9683 7495
4022 5801 8232
2330 2012 6789
835 -977 6735
657 -3425 5095
1708 -3375 2821
2204 -2400 378
2286 -1507 -1210
2230 -582 -2097
Motion
4103 6705 24786
6270 9788 19297
7661 12347 13820
7961 13528 10692
7302 12916 8612
6287 10867 8225
5323 8036 9232
4102 4636 7393
3079 1203 6291
1978 -1849 6006
1066 -3326 4834
849 -4356 2198
1019 -3850 714
1173 -2527 -358
1302 -1387 -929
1502 -187 -161
1429 352 409
1334 628 834
1334 628 834
1408 1074 727
1471 691 156
1733 1045 262
1969 1279 -702
2251 1247 -1188
2414 1230 -974
2345 1089 -1153
2262 1116 -1127
2033 1174 -1149
1916 889 -1293
1683 878 -1864
1821 752 -2300
1878 615 -2190
1822 565 -2248
1655 814 -2070
1272 1428 -2133
1088 1620 -2089
1009 1684 -2160
939 1748 -2355
956 1643 -2282
951 1505 -2389
912 1382 -2225
784 1335 -2390
681 1402 -2141
495 1395 -2326
357 1466 -2208
316 1629 -2152
-32 1392 -1895
-113 1384 -1665
-124 1175 -1801
-145 1183 -1742
-223 1137 -1723
-181 1399 -1705
-186 1680 -1845
-129 1929 -1972
-118 2198 -1840
-168 2321 -1700
-191 2424 -1537
-225 2505 -1276
-272 2519 -1277
-300 2416 -1221
-301 2368 -1431
-334 2308 -1503
-347 2115 -1636
-461 1864 -1665
-564 1671 -1563
-596 1497 -1774
-651 1371 -1791
-661 1310 -1819
-688 1432 -2023
-632 1414 -2072
-563 1411 -2196
-457 1263 -2371
-155 981 -2986
71 819 -3140
71 819 -3140
249 675 -3236
409 318 -3400
553 176 -3471
640 341 -3984
638 596 -4404
390 128 -4589
210 -268 -4749
12 -666 -5046
-416 -1661 -5637
-416 -1661 -5637
-645 -2329 -6411
-786 -2876 -6815
-836 -3235 -6558
-821 -3470 -5584
-701 -3541 -4436
-573 -3576 -3608
-435 -3477 -2545
-297 -3347 -1978
-50 -3160 -1802
242 -3020 -1661
479 -3053 -1626
818 -3545 -1581
1276 -4767 -626
1186 -5995 914
1205 -7190 7852
1117 -4908 15612
1117 -4908 15612
1933 -698 21741
3800 3364 23964
6269 6956 22259
8515 9668 17756
9826 11742 13634
9947 12810 10740
9003 12228 8529
7728 10421 7366
6533 7782 7583
5022 4262 8036
3442 775 6840
1063 -4045 5982
706 -5002 4202
1082 -5433 2252
1628 -4884 1117
1820 -3910 -181
1934 -2635 -1643
2043 -1390 -1790
2188 -312 -476
2129 332 -299
2020 1015 -303
1984 980 -371
2042 887 -703
1804 350 -602
1631 485 -978
1434 641 -1003
1263 768 -801
1146 907 -1284
1138 1343 -1278
1176 1575 -1843
1368 1600 -2182
1515 1439 -2347
1602 1109 -2340
1583 870 -2541
1400 712 -2508
948 751 -2524
735 867 -2353
531 1057 -2315
243 1468 -2037
97 1587 -2049
30 1720 -1962
15 1756 -2095
-29 1433 -2100
-102 1243 -2233
-174 1135 -2254
-290 1154 -2158
-362 1181 -2177
-400 1342 -2120
-432 1488 -2145
-445 1671 -2108
-478 1972 -1968
-466 2177 -1892
-433 2362 -1778
-354 2541 -1808
-339 2691 -1701
-337 2703 -1634
-298 2829 -1617
-345 2681 -1548
-383 2559 -1501
-422 2443 -1533
-451 2358 -1647
-469 2344 -1871
-435 2326 -2056
-397 2294 -2317
-367 2214 -2511
-327 1853 -2698
-282 1644 -2679
-224 1478 -2771
-210 1177 -2861
-189 859 -2703
-67 729 -2563
-67 729 -2563
210 939 -3208
373 830 -3827
600 280 -4467
631 -13 -4493
615 -188 -4665
414 -603 -5503
369 -899 -5593
240 -1416 -5796
74 -2002 -6124
-153 -2670 -6433
-342 -3471 -6759
-440 -4154 -6797
-531 -4498 -6421
-521 -4826 -5888
-581 -5016 -4852
-607 -5107 -3466
-660 -5291 -2198
-615 -4983 -298
-661 -4806 1048
-447 -4959 1828
-166 -5552 2885
-151 -6010 4492
66 -5567 9505
1476 -977 21324
3406 2182 23689
6157 5442 23565
Motion
9261 12797 13164
9201 14535 9426
8181 13368 6841
7111 10554 6113
5769 6713 7074
4011 2848 7306
2273 -479 6421
-110 -4634 4706
-127 -5256 2906
375 -4715 1092
604 -3575 -4
604 -3575 -4
672 -2364 -147
968 -902 -423
1139 339 -30
1139 339 -30
1172 1014 950
1162 1351 1122
1157 1398 779
1361 1612 580
1733 1426 -501
1921 1620 -823
1899 497 -1226
1567 322 375
1489 446 -224
1556 339 -1178
1744 556 -1257
1958 974 -2294
1943 1401 -2656
2060 1555 -2906
2117 1573 -2509
2120 1502 -2138
2059 1507 -2049
1894 1534 -1734
1704 1629 -1596
1513 1733 -1818
1455 1863 -1913
1434 1945 -2060
1316 2229 -2194
1412 2221 -2209
1348 2215 -1993
1192 2107 -1979
976 1937 -1940
645 1768 -1892
550 1611 -2307
445 1452 -2037
299 1459 -1817
237 1333 -1905
184 1348 -1766
232 1452 -1878
246 1621 -2073
317 1779 -2150
361 2025 -2057
397 2348 -1825
356 2453 -1677
368 2470 -1620
344 2428 -1696
319 2340 -1707
170 2249 -1885
115 2236 -1854
33 2198 -1918
-46 2066 -1906
-203 1556 -1970
-218 1337 -1981
-202 1198 -2072
-131 1138 -2156
-45 1068 -2434
42 971 -2681
152 940 -2717
208 935 -2911
275 944 -3123
355 836 -3862
396 1019 -4177
332 692 -4597
186 178 -4708
168 -58 -4987
168 -58 -4987
148 -856 -5724
74 -1433 -6018
39 -1909 -6186
10 -2547 -6246
23 -3227 -5844
61 -3141 -5760
0 -3595 -5638
2 -3903 -4663
-218 -4771 -3844
-195 -5093 -2615
-67 -5291 -1669
229 -5581 -1063
743 -6522 354
963 -7126 2513
1046 -7802 4936
1293 -6837 10864
1065 -4289 18406
1307 -850 22590
2430 2175 22849
4581 5236 21757
6436 7892 18636
7424 10426 15578
7570 12096 13476
7172 12561 11194
6470 11736 9232
5885 9573 8197
5356 6618 6617
4575 3347 5322
3490 316 5070
665 -3703 3764
135 -4584 3217
413 -4863 1993
847 -4463 1118
1589 -2706 409
1812 -1716 130
1975 -986 196
2101 -446 69
2211 44 -209
2211 44 -209
2330 481 -252
2448 846 53
2491 1030 325
2458 1141 608
2325 1111 788
2114 981 628
2114 981 628
2087 796 176
2087 796 176
2111 532 -118
2186 261 -392
2296 -93 -801
2425 -343 -1519
2279 -265 -1828
2070 -84 -1807
1860 238 -1882
1696 620 -1954
1512 1245 -1785
1494 1429 -1580
1456 1466 -1608
1350 1459 -1619
1232 1408 -1548
1072 1314 -1634
943 1175 -1672
873 1024 -1713
798 722 -1793
671 52 -2058
671 52 -2058
600 -206 -2030
464 -250 -2064
237 -5 -2173
-79 442 -2068
-419 919 -2058
-657 1379 -2122
-801 1796 -2036
-889 2033 -1944
-933 2135 -2131
-929 2085 -2082
-846 1743 -2148
-764 1557 -2273
-634 1408 -2461
-567 1290 -2483
-646 1228 -2174
-819 1301 -1918
-1007 1540 -1698
-1207 1806 -1539
-1378 1961 -1425
-1491 1934 -1367
-1543 1744 -1448
-1537 1585 -1429
-1537 1585 -1429
-1525 1512 -1385
-1443 1562 -1426
-1329 1685 -1458
-1207 1777 -1572
-1059 1835 -1664
-941 1851 -1717
-865 1770 -1772
-782 1675 -1727
-717 1564 -1636
-696 1540 -1570
-735 1530 -1493
-761 1562 -1487
-766 1627 -1462
-733 1686 -1385
-692 1628 -1365
-655 1530 -1329
-654 1420 -1277
-664 1343 -1228
-676 1317 -1343
-675 1357 -1419
-679 1375 -1460
-648 1406 -1490
-617 1426 -1438
-614 1405 -1328
-637 1354 -1253
-667 1317 -1193
-708 1306 -1223
-724 1314 -1420
-705 1321 -1516
-669 1365 -1510
-637 1405 -1462
-603 1432 -1407
-596 1436 -1350
Motion
4505 7254 6637
3052 7061 6909
993 5112 6085
504 3351 5246
213 1528 4320
108 -1386 3026
245 -2240 2607
489 -2725 2220
795 -2868 1900
1102 -2773 1659
1408 -2553 1543
1707 -2134 1747
2329 -1269 1742
2628 -891 1613
2933 -710 1541
3160 -264 1663
3330 165 1617
3490 395 1563
3599 215 1830
3603 107 1705
3589 -101 1279
3709 -556 501
3651 -677 202
3576 -732 -16
3454 -556 -457
3344 -337 -541
3193 -129 -507
3051 132 -418
2831 697 -388
2781 961 -408
2771 1163 -618
2678 1172 -734
2512 1111 -741
2298 923 -937
2071 625 -1258
1629 482 -1425
1375 683 -1490
1153 903 -1585
957 1029 -1523
739 1019 -1487
311 596 -1563
181 252 -1827
85 -123 -2018
29 -295 -2259
-49 -247 -2515
-127 29 -2592
-147 462 -2444
-101 945 -2216
-50 1430 -2055
-16 1813 -1990
63 2101 -1790
99 2019 -1713
111 2005 -1662
116 1757 -1725
94 1708 -1629
29 1691 -1561
-109 1835 -1612
-152 1986 -1606
-210 2137 -1557
-269 2233 -1547
-315 2210 -1560
-356 2080 -1537
-424 1836 -1565
-470 1575 -1607
-530 1341 -1643
-613 1210 -1746
-702 1206 -1761
-823 1311 -1652
-918 1405 -1578
-966 1479 -1459
-880 1567 -1274
-834 1578 -1288
-800 1578 -1321
-765 1515 -1315
-736 1382 -1457
-687 1215 -1701
-650 1091 -1880
-633 1020 -1955
-636 970 -2037
-669 962 -2007
-819 1050 -1798
-918 1092 -1672
-984 1133 -1681
-1026 1150 -1684
-1047 1162 -1746
-1061 1150 -1773
-1088 1151 -1723
-1088 1151 -1723
-1126 1136 -1701
-1162 1058 -1664
-1135 1011 -1719
-1122 835 -1846
-1123 701 -1880
-1132 590 -1943
-1116 506 -2144
-1114 409 -2356
-1110 318 -2478
-1146 216 -2613
-1266 -135 -2836
-1251 -332 -2868
-1251 -332 -2868
-1216 -548 -2983
-1164 -697 -2973
-1059 -745 -2922
-902 -761 -2811
-671 -659 -2703
-385 -675 -2629
384 -761 -2705
812 -704 -3131
1121 -975 -3492
1514 -827 -3847
1783 -1035 -4557
2054 -1190 -5289
2248 -1316 -5591
2295 -1502 -5774
2284 -1827 -5872
2146 -1235 -5353
1712 -580 -5250
1345 -210 -4898
926 137 -4035
381 606 -3674
-209 993 -3231
-1125 569 -2356
-1331 83 -2010
-1293 -496 -1814
-1120 -1211 -1702
-798 -1896 -1575
-304 -2609 -1668
338 -3343 -1985
993 -4191 -2307
1561 -4986 -2339
2151 -5588 -1972
2587 -6000 -1290
2587 -6000 -1290
2910 -6091 -10
2829 -5055 3187
2481 -4608 4573
2224 -4410 6078
2032 -4135 7036
2113 -3821 7076
2507 -3697 7515
3201 -3269 8364
4226 -2629 9217
5957 -1163 9579
7195 -201 8571
8159 1118 7781
8927 2810 7322
8179 3945 7000
6106 6533 7780
5032 7439 6810
3848 7816 6281
2683 7615 6129
1736 6910 5240
237 3578 4611
-178 1385 4990
-442 -850 5226
-466 -2740 5180
-264 -4129 4857
258 -4797 4222
1590 -4370 2760
2217 -3461 2219
2814 -2434 1842
3233 -1385 1837
3490 -472 1806
3701 152 1988
3903 591 2336
4246 587 2966
4398 328 3103
4487 57 3003
4524 -206 2825
4487 -260 2516
4346 -393 2077
4135 -306 1813
3730 109 1194
3603 356 1181
3522 147 840
3492 -218 880
3544 -367 633
3486 -547 -265
3254 -804 -771
2940 -935 -968
2496 -911 -906
2048 -660 -769
1516 103 -458
1325 321 -553
1135 402 -755
748 4 -1022
748 4 -1022
463 39 -803
285 112 -1460
229 165 -1931
228 134 -1931
108 -423 -2222
-61 -858 -2370
-218 -1213 -2243
-321 -1166 -2501
-295 -1228 -3128
-257 -1458 -3493
-302 -1472 -3498
-424 -1277 -3512
